<?xml version="1.0" encoding="UTF-8"?>
<coverage generated="1675925352036" clover="3.2.0">
  <project timestamp="1675925352036" name="All files">
    <metrics statements="23" coveredstatements="23" conditionals="2" coveredconditionals="2" methods="11" coveredmethods="11" elements="36" coveredelements="36" complexity="0" loc="23" ncloc="23" packages="1" files="3" classes="3"/>
    <file name="CitySearch.js" path="C:\Users\luisa\Documents\careerfoundry\project\meet\src\CitySearch.js">
      <metrics statements="15" coveredstatements="15" conditionals="2" coveredconditionals="2" methods="8" coveredmethods="8"/>
      <line num="7" count="5" type="stmt"/>
      <line num="13" count="5" type="stmt"/>
      <line num="14" count="2" type="stmt"/>
      <line num="15" count="2" type="stmt"/>
      <line num="16" count="2" type="stmt"/>
      <line num="17" count="4" type="stmt"/>
      <line num="19" count="2" type="stmt"/>
      <line num="25" count="5" type="stmt"/>
      <line num="26" count="4" type="stmt"/>
      <line num="31" count="4" type="stmt"/>
      <line num="35" count="22" type="stmt"/>
      <line num="43" count="1" type="stmt"/>
      <line num="51" count="19" type="stmt"/>
      <line num="53" count="2" type="stmt"/>
      <line num="58" count="1" type="stmt"/>
    </file>
    <file name="api.js" path="C:\Users\luisa\Documents\careerfoundry\project\meet\src\api.js">
      <metrics statements="6" coveredstatements="6" conditionals="0" coveredconditionals="0" methods="3" coveredmethods="3"/>
      <line num="5" count="2" type="stmt"/>
      <line num="6" count="9" type="stmt"/>
      <line num="9" count="2" type="stmt"/>
      <line num="10" count="16" type="stmt"/>
      <line num="11" count="8" type="stmt"/>
      <line num="12" count="8" type="stmt"/>
    </file>
    <file name="mock-data.js" path="C:\Users\luisa\Documents\careerfoundry\project\meet\src\mock-data.js">
      <metrics statements="2" coveredstatements="2" conditionals="0" coveredconditionals="0" methods="0" coveredmethods="0"/>
      <line num="1" count="2" type="stmt"/>
      <line num="84" count="2" type="stmt"/>
    </file>
  </project>
</coverage>
