{"C:\\Users\\luisa\\Documents\\careerfoundry\\project\\meet\\src\\CitySearch.js": {"path":"C:\\Users\\luisa\\Documents\\careerfoundry\\project\\meet\\src\\CitySearch.js","statementMap":{"0":{"start":{"line":7,"column":10},"end":{"line":11,"column":3}},"1":{"start":{"line":13,"column":23},"end":{"line":23,"column":3}},"2":{"start":{"line":14,"column":18},"end":{"line":14,"column":36}},"3":{"start":{"line":15,"column":22},"end":{"line":15,"column":48}},"4":{"start":{"line":16,"column":24},"end":{"line":18,"column":6}},"5":{"start":{"line":17,"column":6},"end":{"line":17,"column":70}},"6":{"start":{"line":19,"column":4},"end":{"line":22,"column":7}},"7":{"start":{"line":25,"column":22},"end":{"line":32,"column":3}},"8":{"start":{"line":26,"column":4},"end":{"line":29,"column":7}},"9":{"start":{"line":31,"column":4},"end":{"line":31,"column":40}},"10":{"start":{"line":35,"column":4},"end":{"line":63,"column":6}},"11":{"start":{"line":43,"column":12},"end":{"line":43,"column":53}},"12":{"start":{"line":51,"column":12},"end":{"line":56,"column":17}},"13":{"start":{"line":53,"column":29},"end":{"line":53,"column":63}},"14":{"start":{"line":58,"column":29},"end":{"line":58,"column":58}}},"fnMap":{"0":{"name":"(anonymous_0)","decl":{"start":{"line":13,"column":23},"end":{"line":13,"column":24}},"loc":{"start":{"line":13,"column":34},"end":{"line":23,"column":3}},"line":13},"1":{"name":"(anonymous_1)","decl":{"start":{"line":16,"column":41},"end":{"line":16,"column":42}},"loc":{"start":{"line":16,"column":55},"end":{"line":18,"column":5}},"line":16},"2":{"name":"(anonymous_2)","decl":{"start":{"line":25,"column":22},"end":{"line":25,"column":23}},"loc":{"start":{"line":25,"column":38},"end":{"line":32,"column":3}},"line":25},"3":{"name":"(anonymous_3)","decl":{"start":{"line":34,"column":2},"end":{"line":34,"column":3}},"loc":{"start":{"line":34,"column":11},"end":{"line":64,"column":3}},"line":34},"4":{"name":"(anonymous_4)","decl":{"start":{"line":42,"column":19},"end":{"line":42,"column":20}},"loc":{"start":{"line":42,"column":25},"end":{"line":44,"column":11}},"line":42},"5":{"name":"(anonymous_5)","decl":{"start":{"line":50,"column":38},"end":{"line":50,"column":39}},"loc":{"start":{"line":51,"column":12},"end":{"line":56,"column":17}},"line":51},"6":{"name":"(anonymous_6)","decl":{"start":{"line":53,"column":23},"end":{"line":53,"column":24}},"loc":{"start":{"line":53,"column":29},"end":{"line":53,"column":63}},"line":53},"7":{"name":"(anonymous_7)","decl":{"start":{"line":58,"column":23},"end":{"line":58,"column":24}},"loc":{"start":{"line":58,"column":29},"end":{"line":58,"column":58}},"line":58}},"branchMap":{"0":{"loc":{"start":{"line":48,"column":17},"end":{"line":48,"column":70}},"type":"cond-expr","locations":[{"start":{"line":48,"column":46},"end":{"line":48,"column":48}},{"start":{"line":48,"column":51},"end":{"line":48,"column":70}}],"line":48}},"s":{"0":5,"1":5,"2":2,"3":2,"4":2,"5":4,"6":2,"7":5,"8":4,"9":4,"10":22,"11":1,"12":19,"13":2,"14":1},"f":{"0":2,"1":4,"2":4,"3":22,"4":1,"5":19,"6":2,"7":1},"b":{"0":[1,21]},"_coverageSchema":"1a1c01bbd47fc00a2c39e90264f33305004495a9","hash":"e165fcb055c51629190f3c51d5af940b8767dd79"}
,"C:\\Users\\luisa\\Documents\\careerfoundry\\project\\meet\\src\\api.js": {"path":"C:\\Users\\luisa\\Documents\\careerfoundry\\project\\meet\\src\\api.js","statementMap":{"0":{"start":{"line":5,"column":25},"end":{"line":7,"column":1}},"1":{"start":{"line":6,"column":2},"end":{"line":6,"column":18}},"2":{"start":{"line":9,"column":32},"end":{"line":13,"column":1}},"3":{"start":{"line":10,"column":25},"end":{"line":10,"column":62}},"4":{"start":{"line":10,"column":47},"end":{"line":10,"column":61}},"5":{"start":{"line":11,"column":18},"end":{"line":11,"column":48}},"6":{"start":{"line":12,"column":2},"end":{"line":12,"column":19}}},"fnMap":{"0":{"name":"(anonymous_0)","decl":{"start":{"line":5,"column":25},"end":{"line":5,"column":26}},"loc":{"start":{"line":5,"column":37},"end":{"line":7,"column":1}},"line":5},"1":{"name":"(anonymous_1)","decl":{"start":{"line":9,"column":32},"end":{"line":9,"column":33}},"loc":{"start":{"line":9,"column":44},"end":{"line":13,"column":1}},"line":9},"2":{"name":"(anonymous_2)","decl":{"start":{"line":10,"column":36},"end":{"line":10,"column":37}},"loc":{"start":{"line":10,"column":47},"end":{"line":10,"column":61}},"line":10}},"branchMap":{},"s":{"0":2,"1":9,"2":2,"3":8,"4":16,"5":8,"6":8},"f":{"0":9,"1":8,"2":16},"b":{},"_coverageSchema":"1a1c01bbd47fc00a2c39e90264f33305004495a9","hash":"5da0d5cb58696bd45606aa815044f13bb9c7af29"}
,"C:\\Users\\luisa\\Documents\\careerfoundry\\project\\meet\\src\\mock-data.js": {"path":"C:\\Users\\luisa\\Documents\\careerfoundry\\project\\meet\\src\\mock-data.js","statementMap":{"0":{"start":{"line":1,"column":17},"end":{"line":82,"column":1}},"1":{"start":{"line":84,"column":0},"end":{"line":84,"column":37}}},"fnMap":{},"branchMap":{},"s":{"0":2,"1":2},"f":{},"b":{},"_coverageSchema":"1a1c01bbd47fc00a2c39e90264f33305004495a9","hash":"790e048948a861dbdc688de314ffd9bd0afa8664"}
}
