TN:
SF:src\CitySearch.js
FN:13,(anonymous_0)
FN:16,(anonymous_1)
FN:25,(anonymous_2)
FN:34,(anonymous_3)
FN:42,(anonymous_4)
FN:50,(anonymous_5)
FN:53,(anonymous_6)
FN:58,(anonymous_7)
FNF:8
FNH:8
FNDA:2,(anonymous_0)
FNDA:4,(anonymous_1)
FNDA:4,(anonymous_2)
FNDA:22,(anonymous_3)
FNDA:1,(anonymous_4)
FNDA:19,(anonymous_5)
FNDA:2,(anonymous_6)
FNDA:1,(anonymous_7)
DA:7,5
DA:13,5
DA:14,2
DA:15,2
DA:16,2
DA:17,4
DA:19,2
DA:25,5
DA:26,4
DA:31,4
DA:35,22
DA:43,1
DA:51,19
DA:53,2
DA:58,1
LF:15
LH:15
BRDA:48,0,0,1
BRDA:48,0,1,21
BRF:2
BRH:2
end_of_record
TN:
SF:src\api.js
FN:5,(anonymous_0)
FN:9,(anonymous_1)
FN:10,(anonymous_2)
FNF:3
FNH:3
FNDA:9,(anonymous_0)
FNDA:8,(anonymous_1)
FNDA:16,(anonymous_2)
DA:5,2
DA:6,9
DA:9,2
DA:10,16
DA:11,8
DA:12,8
LF:6
LH:6
BRF:0
BRH:0
end_of_record
TN:
SF:src\mock-data.js
FNF:0
FNH:0
DA:1,2
DA:84,2
LF:2
LH:2
BRF:0
BRH:0
end_of_record
